[22/May/2026 02:29:25] "GET / HTTP/1.1" 200 2601
[22/May/2026 02:29:25,695] - Broken pipe from ('127.0.0.1', 55321)
[22/May/2026 02:30:25] "GET / HTTP/1.1" 200 2601
[22/May/2026 02:30:25] "GET /static/css/site.css HTTP/1.1" 200 647
[22/May/2026 02:30:28] "GET /labs/geography-map-lab/ HTTP/1.1" 200 2235
[22/May/2026 02:30:32] "GET /labs/geography-map-lab/india-physical-features-marking/ HTTP/1.1" 200 2667
[22/May/2026 02:30:39] "POST /scenarios/1/start/ HTTP/1.1" 302 0
[22/May/2026 02:30:39] "GET /accounts/login/?next=/scenarios/1/start/ HTTP/1.1" 200 1478
[22/May/2026 02:30:50] "GET / HTTP/1.1" 200 2601
[22/May/2026 02:30:51] "GET /labs/civics-parliament-lab/ HTTP/1.1" 200 2245
[22/May/2026 02:30:51] "GET /static/css/site.css HTTP/1.1" 304 0
[22/May/2026 02:30:54] "GET /labs/civics-parliament-lab/anti-defection-and-party-whip/ HTTP/1.1" 200 2684
[22/May/2026 02:31:00] "POST /scenarios/4/start/ HTTP/1.1" 302 0
[22/May/2026 02:31:00] "GET /accounts/login/?next=/scenarios/4/start/ HTTP/1.1" 200 1478
[22/May/2026 10:51:01] "GET / HTTP/1.1" 200 2601
[22/May/2026 10:51:01] "GET /static/css/site.css HTTP/1.1" 200 647
Not Found: /favicon.ico
[22/May/2026 10:51:02] "GET /favicon.ico HTTP/1.1" 404 4010
[22/May/2026 10:51:04] "GET /accounts/login/ HTTP/1.1" 200 1478
[22/May/2026 10:51:10] "POST /accounts/login/ HTTP/1.1" 302 0
[22/May/2026 10:51:10] "GET / HTTP/1.1" 200 2890
[22/May/2026 10:51:12] "GET /labs/geography-map-lab/ HTTP/1.1" 200 2524
[22/May/2026 10:51:13] "GET /labs/geography-map-lab/india-physical-features-marking/ HTTP/1.1" 200 2956
[22/May/2026 10:51:17] "POST /scenarios/1/start/ HTTP/1.1" 302 0
[22/May/2026 10:51:17] "GET /sessions/1/ HTTP/1.1" 200 2730
[22/May/2026 10:51:23] "GET /labs/geography-map-lab/india-physical-features-marking/ HTTP/1.1" 200 2956
[22/May/2026 10:51:27] "POST /scenarios/1/start/ HTTP/1.1" 302 0
[22/May/2026 10:51:27] "GET /sessions/2/ HTTP/1.1" 200 2736
[22/May/2026 10:51:33] "GET /labs/geography-map-lab/india-physical-features-marking/ HTTP/1.1" 200 2956
[22/May/2026 10:51:34] "GET /labs/geography-map-lab/ HTTP/1.1" 200 2524
[22/May/2026 10:51:36] "GET / HTTP/1.1" 200 2890
[22/May/2026 10:51:37] "GET /labs/civics-parliament-lab/ HTTP/1.1" 200 2534
[22/May/2026 10:51:38] "GET /labs/civics-parliament-lab/anti-defection-and-party-whip/ HTTP/1.1" 200 2973
[22/May/2026 10:51:41] "POST /scenarios/4/start/ HTTP/1.1" 302 0
[22/May/2026 10:51:41] "GET /sessions/3/ HTTP/1.1" 200 2789
[22/May/2026 10:51:45] "GET /labs/civics-parliament-lab/anti-defection-and-party-whip/ HTTP/1.1" 200 2973
[22/May/2026 10:51:46] "GET /labs/civics-parliament-lab/ HTTP/1.1" 200 2534
[22/May/2026 10:51:47] "GET / HTTP/1.1" 200 2890
[22/May/2026 10:51:48] "GET /labs/history-character-debate/ HTTP/1.1" 200 2028
[22/May/2026 10:51:49] "GET /labs/history-character-debate/bengal-1937-trade-power-and-survival/ HTTP/1.1" 200 3033
[22/May/2026 10:51:51] "POST /scenarios/5/start/ HTTP/1.1" 302 0
[22/May/2026 10:51:51] "GET /sessions/4/ HTTP/1.1" 200 3001
[22/May/2026 10:51:55] "GET /labs/history-character-debate/bengal-1937-trade-power-and-survival/ HTTP/1.1" 200 3033
[22/May/2026 10:51:59] "GET /labs/history-character-debate/ HTTP/1.1" 200 2028
[22/May/2026 10:52:00] "GET / HTTP/1.1" 200 2890
[22/May/2026 10:52:01] "GET /labs/business-negotiation-lab/ HTTP/1.1" 200 2016
[22/May/2026 10:52:02] "GET /labs/business-negotiation-lab/first-export-order-negotiation/ HTTP/1.1" 200 3053
[22/May/2026 10:52:04] "POST /scenarios/6/start/ HTTP/1.1" 302 0
[22/May/2026 10:52:04] "GET /sessions/5/ HTTP/1.1" 200 2857
[22/May/2026 10:52:08] "GET /labs/business-negotiation-lab/first-export-order-negotiation/ HTTP/1.1" 200 3053
[22/May/2026 10:52:09] "GET /labs/business-negotiation-lab/ HTTP/1.1" 200 2016
[22/May/2026 10:52:10] "GET / HTTP/1.1" 200 2890
Not Found: /users/profile/
[22/May/2026 10:53:31] "GET /users/profile/ HTTP/1.1" 404 4019
Not Found: /users/profile/
[22/May/2026 10:56:50] "GET /users/profile/ HTTP/1.1" 404 4019
Not Found: /users/profile/
[22/May/2026 10:56:52] "GET /users/profile/ HTTP/1.1" 404 4019
[22/May/2026 10:56:57] "GET / HTTP/1.1" 200 2601
[22/May/2026 10:56:57] "GET /static/css/site.css HTTP/1.1" 304 0
Not Found: /users/profile
[22/May/2026 10:57:21] "GET /users/profile HTTP/1.1" 404 4016
Not Found: /users/profile
[22/May/2026 11:24:46] "GET /users/profile HTTP/1.1" 404 4016
Not Found: /users/profile
[22/May/2026 11:24:47] "GET /users/profile HTTP/1.1" 404 4016
[22/May/2026 11:24:52] "GET / HTTP/1.1" 200 2601
[22/May/2026 11:24:59] "GET / HTTP/1.1" 200 2601
[22/May/2026 11:54:19] "GET / HTTP/1.1" 200 2601
[22/May/2026 11:54:19] "GET /static/css/site.css HTTP/1.1" 304 0
[22/May/2026 12:51:22] "GET / HTTP/1.1" 200 2601
[22/May/2026 12:51:22] "GET /static/css/site.css HTTP/1.1" 200 647
Not Found: /favicon.ico
[22/May/2026 12:51:23] "GET /favicon.ico HTTP/1.1" 404 4010
[22/May/2026 12:51:25] "GET / HTTP/1.1" 200 2601
[22/May/2026 12:51:26] "GET / HTTP/1.1" 200 2601
[22/May/2026 12:51:26] "GET / HTTP/1.1" 200 2601
[22/May/2026 12:51:26] "GET / HTTP/1.1" 200 2601
[22/May/2026 12:51:30] "GET / HTTP/1.1" 200 2601
[22/May/2026 12:51:30] "GET /static/css/site.css HTTP/1.1" 304 0
[22/May/2026 12:51:39] "GET /labs/geography-map-lab/ HTTP/1.1" 200 2235
[22/May/2026 12:51:50] "GET /accounts/login/ HTTP/1.1" 200 1478
[22/May/2026 12:51:51] "GET / HTTP/1.1" 200 2601
[22/May/2026 12:54:23] "GET / HTTP/1.1" 200 2601
[22/May/2026 12:54:23] "GET / HTTP/1.1" 200 2601
[22/May/2026 12:54:23] "GET / HTTP/1.1" 200 2601
[22/May/2026 12:54:24] "GET / HTTP/1.1" 200 2601
[22/May/2026 12:54:24] "GET / HTTP/1.1" 200 2601
[22/May/2026 14:01:22] "GET /admin/ HTTP/1.1" 302 0
[22/May/2026 14:01:22] "GET /admin/login/?next=/admin/ HTTP/1.1" 200 4080
Not Found: /favicon.ico
[22/May/2026 14:01:22] "GET /favicon.ico HTTP/1.1" 404 4010
[22/May/2026 14:01:29] "POST /admin/login/?next=/admin/ HTTP/1.1" 302 0
[22/May/2026 14:01:29] "GET /admin/ HTTP/1.1" 200 22279
